'solc --version' running
'solc ./UnxswapV3Router.sol --combined-json abi,ast,bin,bin-runtime,srcmap,srcmap-runtime,userdoc,devdoc,hashes --optimize --optimize-runs 200 --no-optimize-yul --allow-paths .,/home/josue/Github/test-mev/smart_contracts_database/vulnerable_contracts/DexRouter_0x2E1Dee213BA8d7af0934C49a23187BabEACa8764/src' running
'solc --version' running
'solc ./UnxswapRouter.sol --combined-json abi,ast,bin,bin-runtime,srcmap,srcmap-runtime,userdoc,devdoc,hashes --optimize --optimize-runs 200 --no-optimize-yul --allow-paths .,/home/josue/Github/test-mev/smart_contracts_database/vulnerable_contracts/DexRouter_0x2E1Dee213BA8d7af0934C49a23187BabEACa8764/src' running
'solc --version' running
'solc ./DexRouter.sol --combined-json abi,ast,bin,bin-runtime,srcmap,srcmap-runtime,userdoc,devdoc,hashes --optimize --optimize-runs 200 --no-optimize-yul --allow-paths .,/home/josue/Github/test-mev/smart_contracts_database/vulnerable_contracts/DexRouter_0x2E1Dee213BA8d7af0934C49a23187BabEACa8764/src' running
Compilation warnings/errors on ./DexRouter.sol:
Warning: Function state mutability can be restricted to view
   --> libraries/CommissionLib.sol:106:5:
    |
106 |     function _getBalanceOf(
    |     ^ (Relevant source part starts here and spans across multiple lines).



Detector: generic-slippage
UnxswapV3Router._uniswapV3Swap(address,address,uint256,uint256,uint256[]) (UnxswapV3Router.sol#46-342) Sandwich Vulnerability Detected in '_uniswapV3Swap' at line [334, 335, 336, 337, 338, 339].
	- Logic: Inequality comparison (<, >) detected.
	- Compares Active Source (Swap/Balance) against User Input ['minReturn']Reference: https://github.com/crytic/slither/wiki/Detector-Documentation#generic-slippage

Detector: generic-slippage
UnxswapRouter._unxswapInternal(IERC20,uint256,uint256,bytes32[],address,address) (UnxswapRouter.sol#47-504) Sandwich Vulnerability Detected in '_unxswapInternal' at line [486, 487, 488, 489, 490, 491].
	- Logic: Inequality comparison (<, >) detected.
	- Compares Active Source (Swap/Balance) against User Input ['minReturn', 'amount']SafeMath.divCeil(uint256,uint256) (libraries/SafeMath.sol#159-167) Sandwich Vulnerability Detected in 'divCeil' at line [162].
	- Logic: Inequality comparison (<, >) detected.
	- Compares Active Source (Swap/Balance) against User Input ['b', 'a']Reference: https://github.com/crytic/slither/wiki/Detector-Documentation#generic-slippage

Detector: generic-slippage
UnxswapV3Router._uniswapV3Swap(address,address,uint256,uint256,uint256[]) (UnxswapV3Router.sol#46-342) Sandwich Vulnerability Detected in '_uniswapV3Swap' at line [334, 335, 336, 337, 338, 339].
	- Logic: Inequality comparison (<, >) detected.
	- Compares Active Source (Swap/Balance) against User Input ['minReturn']UnxswapRouter._unxswapInternal(IERC20,uint256,uint256,bytes32[],address,address) (UnxswapRouter.sol#47-504) Sandwich Vulnerability Detected in '_unxswapInternal' at line [486, 487, 488, 489, 490, 491].
	- Logic: Inequality comparison (<, >) detected.
	- Compares Active Source (Swap/Balance) against User Input ['minReturn', 'amount']DexRouter._transferTokenToUser(address,address) (DexRouter.sol#233-260) Sandwich Vulnerability Detected in '_transferTokenToUser' at line [255].
	- Logic: Inequality comparison (<, >) detected.
	- Compares Active Source (Swap/Balance) against User Input ['token']SafeMath.divCeil(uint256,uint256) (libraries/SafeMath.sol#159-167) Sandwich Vulnerability Detected in 'divCeil' at line [162].
	- Logic: Inequality comparison (<, >) detected.
	- Compares Active Source (Swap/Balance) against User Input ['b', 'a']Reference: https://github.com/crytic/slither/wiki/Detector-Documentation#generic-slippage
. analyzed (48 contracts with 1 detectors), 7 result(s) found
