'solc --version' running
'solc ./UnxswapV3Router.sol --combined-json abi,ast,bin,bin-runtime,srcmap,srcmap-runtime,userdoc,devdoc,hashes --optimize --optimize-runs 200 --no-optimize-yul --allow-paths .,/home/josue/Github/static-sandwich-mev-detector/smart_contracts_database/vulnerable_contracts/DexRouterV105_0x2E1Dee213BA8d7af0934C49a23187BabEACa8764/src' running
'solc --version' running
'solc ./UnxswapRouter.sol --combined-json abi,ast,bin,bin-runtime,srcmap,srcmap-runtime,userdoc,devdoc,hashes --optimize --optimize-runs 200 --no-optimize-yul --allow-paths .,/home/josue/Github/static-sandwich-mev-detector/smart_contracts_database/vulnerable_contracts/DexRouterV105_0x2E1Dee213BA8d7af0934C49a23187BabEACa8764/src' running
'solc --version' running
'solc ./DexRouterV105.sol --combined-json abi,ast,bin,bin-runtime,srcmap,srcmap-runtime,userdoc,devdoc,hashes --optimize --optimize-runs 200 --no-optimize-yul --allow-paths .,/home/josue/Github/static-sandwich-mev-detector/smart_contracts_database/vulnerable_contracts/DexRouterV105_0x2E1Dee213BA8d7af0934C49a23187BabEACa8764/src' running
Compilation warnings/errors on ./DexRouterV105.sol:
Warning: Function state mutability can be restricted to view
   --> libraries/CommissionLib.sol:106:5:
    |
106 |     function _getBalanceOf(
    |     ^ (Relevant source part starts here and spans across multiple lines).



Detector: static-sandwich
UnxswapV3Router._uniswapV3Swap(address,address,uint256,uint256,uint256[]) (UnxswapV3Router.sol#46-342) Sandwich Opportunity Detected in '_uniswapV3Swap' at line [334, 335, 336, 337, 338, 339].
	- Logic: Inequality comparison (<, >, <=, >=) detected.
	- Compares Active Source (Swap/Balance) against User Input ['minReturn']Reference: https://github.com/lesc-ufv/static-sandwich-mev-detector

Detector: static-sandwich
UnxswapRouter._unxswapInternal(IERC20,uint256,uint256,bytes32[],address,address) (UnxswapRouter.sol#47-504) Sandwich Opportunity Detected in '_unxswapInternal' at line [486, 487, 488, 489, 490, 491].
	- Logic: Inequality comparison (<, >, <=, >=) detected.
	- Compares Active Source (Swap/Balance) against User Input ['minReturn', 'amount']SafeMath.divCeil(uint256,uint256) (libraries/SafeMath.sol#159-167) Sandwich Opportunity Detected in 'divCeil' at line [162].
	- Logic: Inequality comparison (<, >, <=, >=) detected.
	- Compares Active Source (Swap/Balance) against User Input ['a', 'b']Reference: https://github.com/lesc-ufv/static-sandwich-mev-detector

Detector: static-sandwich
UnxswapV3Router._uniswapV3Swap(address,address,uint256,uint256,uint256[]) (UnxswapV3Router.sol#46-342) Sandwich Opportunity Detected in '_uniswapV3Swap' at line [334, 335, 336, 337, 338, 339].
	- Logic: Inequality comparison (<, >, <=, >=) detected.
	- Compares Active Source (Swap/Balance) against User Input ['minReturn']UnxswapRouter._unxswapInternal(IERC20,uint256,uint256,bytes32[],address,address) (UnxswapRouter.sol#47-504) Sandwich Opportunity Detected in '_unxswapInternal' at line [486, 487, 488, 489, 490, 491].
	- Logic: Inequality comparison (<, >, <=, >=) detected.
	- Compares Active Source (Swap/Balance) against User Input ['minReturn', 'amount']DexRouter._transferTokenToUser(address,address) (DexRouterV105.sol#233-260) Sandwich Opportunity Detected in '_transferTokenToUser' at line [255].
	- Logic: Inequality comparison (<, >, <=, >=) detected.
	- Compares Active Source (Swap/Balance) against User Input ['token']SafeMath.divCeil(uint256,uint256) (libraries/SafeMath.sol#159-167) Sandwich Opportunity Detected in 'divCeil' at line [162].
	- Logic: Inequality comparison (<, >, <=, >=) detected.
	- Compares Active Source (Swap/Balance) against User Input ['a', 'b']Reference: https://github.com/lesc-ufv/static-sandwich-mev-detector
. analyzed (48 contracts with 1 detectors), 7 result(s) found
INFO:Slither:output.json exists already, the overwrite is prevented
